Using pre-set license
Built from '2021.3/staging' branch; Version is '2021.3.16f1 (4016570cf34f) revision 4200023'; Using compiler version '192829333'; Build Type 'Release'
OS: 'Windows 10  (10.0.17763) 64bit Core' Language: 'ru' Physical Memory: 6081 MB
BatchMode: 1, IsHumanControllingUs: 0, StartBugReporterOnCrash: 0, Is64bit: 1, IsPro: 1

COMMAND LINE ARGUMENTS:
C:\Program Files\Unity\Hub\Editor\2021.3.16f1\Editor\Unity.exe
-adb2
-batchMode
-noUpm
-name
AssetImportWorker0
-projectPath
C:/Users/Admin/Documents/GitHub/UrklinA_Gun-27/UrklinA_Gun-27 Tank1
-logFile
Logs/AssetImportWorker0.log
-srvPort
52690
Successfully changed project path to: C:/Users/Admin/Documents/GitHub/UrklinA_Gun-27/UrklinA_Gun-27 Tank1
C:/Users/Admin/Documents/GitHub/UrklinA_Gun-27/UrklinA_Gun-27 Tank1
[UnityMemory] Configuration Parameters - Can be set up in boot.config
    "memorysetup-bucket-allocator-granularity=16"
    "memorysetup-bucket-allocator-bucket-count=8"
    "memorysetup-bucket-allocator-block-size=33554432"
    "memorysetup-bucket-allocator-block-count=8"
    "memorysetup-main-allocator-block-size=16777216"
    "memorysetup-thread-allocator-block-size=16777216"
    "memorysetup-gfx-main-allocator-block-size=16777216"
    "memorysetup-gfx-thread-allocator-block-size=16777216"
    "memorysetup-cache-allocator-block-size=4194304"
    "memorysetup-typetree-allocator-block-size=2097152"
    "memorysetup-profiler-bucket-allocator-granularity=16"
    "memorysetup-profiler-bucket-allocator-bucket-count=8"
    "memorysetup-profiler-bucket-allocator-block-size=33554432"
    "memorysetup-profiler-bucket-allocator-block-count=8"
    "memorysetup-profiler-allocator-block-size=16777216"
    "memorysetup-profiler-editor-allocator-block-size=1048576"
    "memorysetup-temp-allocator-size-main=16777216"
    "memorysetup-job-temp-allocator-block-size=2097152"
    "memorysetup-job-temp-allocator-block-size-background=1048576"
    "memorysetup-job-temp-allocator-reduction-small-platforms=262144"
    "memorysetup-temp-allocator-size-background-worker=32768"
    "memorysetup-temp-allocator-size-job-worker=262144"
    "memorysetup-temp-allocator-size-preload-manager=33554432"
    "memorysetup-temp-allocator-size-nav-mesh-worker=65536"
    "memorysetup-temp-allocator-size-audio-worker=65536"
    "memorysetup-temp-allocator-size-cloud-worker=32768"
    "memorysetup-temp-allocator-size-gi-baking-worker=262144"
    "memorysetup-temp-allocator-size-gfx=262144"
Player connection [19012] Host "[IP] 192.168.100.6 [Port] 0 [Flags] 2 [Guid] 4113656533 [EditorId] 4113656533 [Version] 1048832 [Id] WindowsEditor(7,DESKTOP-7S12N9G) [Debug] 1 [PackageName] WindowsEditor [ProjectName] Editor" joined multi-casting on [225.0.0.222:54997]...

Player connection [19012] Host "[IP] 192.168.100.6 [Port] 0 [Flags] 2 [Guid] 4113656533 [EditorId] 4113656533 [Version] 1048832 [Id] WindowsEditor(7,DESKTOP-7S12N9G) [Debug] 1 [PackageName] WindowsEditor [ProjectName] Editor" joined alternative multi-casting on [225.0.0.222:34997]...

Refreshing native plugins compatible for Editor in 150.44 ms, found 3 plugins.
Preloading 0 native plugins for Editor in 0.00 ms.
Initialize engine version: 2021.3.16f1 (4016570cf34f)
[Subsystems] Discovering subsystems at path C:/Program Files/Unity/Hub/Editor/2021.3.16f1/Editor/Data/Resources/UnitySubsystems
[Subsystems] Discovering subsystems at path C:/Users/Admin/Documents/GitHub/UrklinA_Gun-27/UrklinA_Gun-27 Tank1/Assets
GfxDevice: creating device client; threaded=0; jobified=0
Direct3D:
    Version:  Direct3D 11.0 [level 11.1]
    Renderer: Microsoft Basic Render Driver (ID=0x8c)
    Vendor:   Microsoft
    VRAM:     3040 MB
Initialize mono
Mono path[0] = 'C:/Program Files/Unity/Hub/Editor/2021.3.16f1/Editor/Data/Managed'
Mono path[1] = 'C:/Program Files/Unity/Hub/Editor/2021.3.16f1/Editor/Data/MonoBleedingEdge/lib/mono/unityjit-win32'
Mono config path = 'C:/Program Files/Unity/Hub/Editor/2021.3.16f1/Editor/Data/MonoBleedingEdge/etc'
Using monoOptions --debugger-agent=transport=dt_socket,embedding=1,server=y,suspend=n,address=127.0.0.1:56520
Begin MonoManager ReloadAssembly
Registering precompiled unity dll's ...
Register platform support module: C:/Program Files/Unity/Hub/Editor/2021.3.16f1/Editor/Data/PlaybackEngines/WebGLSupport/UnityEditor.WebGL.Extensions.dll
Register platform support module: C:/Program Files/Unity/Hub/Editor/2021.3.16f1/Editor/Data/PlaybackEngines/AndroidPlayer/UnityEditor.Android.Extensions.dll
Register platform support module: C:/Program Files/Unity/Hub/Editor/2021.3.16f1/Editor/Data/PlaybackEngines/WindowsStandaloneSupport/UnityEditor.WindowsStandalone.Extensions.dll
Registered in 0.013651 seconds.
Native extension for WindowsStandalone target not found
Native extension for Android target not found
Native extension for WebGL target not found
Refreshing native plugins compatible for Editor in 169.64 ms, found 3 plugins.
Preloading 0 native plugins for Editor in 0.00 ms.
Mono: successfully reloaded assembly
- Completed reload, in  1.462 seconds
Domain Reload Profiling:
	ReloadAssembly (1463ms)
		BeginReloadAssembly (126ms)
			ExecutionOrderSort (0ms)
			DisableScriptedObjects (0ms)
			BackupInstance (0ms)
			ReleaseScriptingObjects (0ms)
			CreateAndSetChildDomain (1ms)
		EndReloadAssembly (1121ms)
			LoadAssemblies (125ms)
			RebuildTransferFunctionScriptingTraits (0ms)
			SetupTypeCache (346ms)
			ReleaseScriptCaches (0ms)
			RebuildScriptCaches (57ms)
			SetupLoadedEditorAssemblies (616ms)
				LogAssemblyErrors (0ms)
				InitializePlatformSupportModulesInManaged (120ms)
				SetLoadedEditorAssemblies (0ms)
				RefreshPlugins (170ms)
				BeforeProcessingInitializeOnLoad (6ms)
				ProcessInitializeOnLoadAttributes (215ms)
				ProcessInitializeOnLoadMethodAttributes (105ms)
				AfterProcessingInitializeOnLoad (0ms)
				EditorAssembliesLoaded (0ms)
			ExecutionOrderSort2 (0ms)
			AwakeInstancesAfterBackupRestoration (0ms)
Platform modules already initialized, skipping
Registering precompiled user dll's ...
Registered in 0.015957 seconds.
Android Extension - Scanning For ADB Devices 6563 ms
Begin MonoManager ReloadAssembly
Symbol file LoadedFromMemory doesn't match image C:\Users\Admin\Documents\GitHub\UrklinA_Gun-27\UrklinA_Gun-27 Tank1\Library\PackageCache\com.unity.visualscripting@1.7.8\Editor\VisualScripting.Core\Dependencies\YamlDotNet\Unity.VisualScripting.YamlDotNet.dll
Symbol file LoadedFromMemory doesn't match image C:\Users\Admin\Documents\GitHub\UrklinA_Gun-27\UrklinA_Gun-27 Tank1\Library\PackageCache\com.unity.visualscripting@1.7.8\Editor\VisualScripting.Core\Dependencies\DotNetZip\Unity.VisualScripting.IonicZip.dll
Native extension for WindowsStandalone target not found
Native extension for Android target not found
Native extension for WebGL target not found
Refreshing native plugins compatible for Editor in 161.10 ms, found 3 plugins.
Preloading 0 native plugins for Editor in 0.00 ms.
Mono: successfully reloaded assembly
- Completed reload, in  2.338 seconds
Domain Reload Profiling:
	ReloadAssembly (2340ms)
		BeginReloadAssembly (175ms)
			ExecutionOrderSort (0ms)
			DisableScriptedObjects (10ms)
			BackupInstance (0ms)
			ReleaseScriptingObjects (0ms)
			CreateAndSetChildDomain (33ms)
		EndReloadAssembly (1942ms)
			LoadAssemblies (207ms)
			RebuildTransferFunctionScriptingTraits (0ms)
			SetupTypeCache (605ms)
			ReleaseScriptCaches (2ms)
			RebuildScriptCaches (126ms)
			SetupLoadedEditorAssemblies (912ms)
				LogAssemblyErrors (0ms)
				InitializePlatformSupportModulesInManaged (25ms)
				SetLoadedEditorAssemblies (0ms)
				RefreshPlugins (161ms)
				BeforeProcessingInitializeOnLoad (146ms)
				ProcessInitializeOnLoadAttributes (533ms)
				ProcessInitializeOnLoadMethodAttributes (37ms)
				AfterProcessingInitializeOnLoad (9ms)
				EditorAssembliesLoaded (0ms)
			ExecutionOrderSort2 (0ms)
			AwakeInstancesAfterBackupRestoration (8ms)
Platform modules already initialized, skipping
========================================================================
Worker process is ready to serve import requests
Launched and connected shader compiler UnityShaderCompiler.exe after 0.10 seconds
Refreshing native plugins compatible for Editor in 0.97 ms, found 3 plugins.
Preloading 0 native plugins for Editor in 0.00 ms.
Unloading 4172 Unused Serialized files (Serialized files now loaded: 0)
Unloading 42 unused Assets / (129.5 KB). Loaded Objects now: 4633.
Memory consumption went from 147.1 MB to 147.0 MB.
Total: 15.654500 ms (FindLiveObjects: 0.602500 ms CreateObjectMapping: 0.291500 ms MarkObjects: 14.481900 ms  DeleteObjects: 0.276800 ms)

AssetImportParameters requested are different than current active one (requested -> active):
  custom:video-decoder-ogg-theora: a1e56fd34408186e4bbccfd4996cb3dc -> 
  custom:container-muxer-webm: aa71ff27fc2769a1b78a27578f13a17b -> 
  custom:container-demuxer-webm: 4f35f7cbe854078d1ac9338744f61a02 -> 
  custom:video-encoder-webm-vp8: eb34c28f22e8b96e1ab97ce403110664 -> 
  custom:audio-encoder-webm-vorbis: bf7c407c2cedff20999df2af8eb42d56 -> 
  custom:framework-win-MediaFoundation: 216162199b28c13a410421893ffa2e32 -> 
  custom:container-demuxer-ogg: 62fdf1f143b41e24485cea50d1cbac27 -> 
  custom:video-decoder-webm-vp8: 9c59270c3fd7afecdb556c50c9e8de78 -> 
  custom:audio-decoder-ogg-vorbis: bf7c407c2cedff20999df2af8eb42d56 -> 
========================================================================
Received Import Request.
  Time since last request: 2111985.648383 seconds.
  path: Assets/Prefabs
  artifactKey: Guid(c53032ea7481a8c47b6de68c8c7dc407) Importer(815301076,1909f56bfc062723c751e8b465ee728b)
Start importing Assets/Prefabs using Guid(c53032ea7481a8c47b6de68c8c7dc407) Importer(815301076,1909f56bfc062723c751e8b465ee728b)  -> (artifact id: '8c6a4e31cbf2a31d5021a059c412301c') in 0.030162 seconds 
========================================================================
Received Import Request.
  Time since last request: 188.541009 seconds.
  path: Assets/Prefabs/Bullet.prefab
  artifactKey: Guid(b25013312cabcc5458a6f42e568d0f39) Importer(815301076,1909f56bfc062723c751e8b465ee728b)
Start importing Assets/Prefabs/Bullet.prefab using Guid(b25013312cabcc5458a6f42e568d0f39) Importer(815301076,1909f56bfc062723c751e8b465ee728b)  -> (artifact id: 'c307afa30a171ca3c1fcb6a43b8dbc73') in 0.345739 seconds 
========================================================================
Received Import Request.
  Time since last request: 295.013610 seconds.
  path: Assets/Models/Drone/References/Materials/White.mat
  artifactKey: Guid(91d21386d1235164cb09fa2332de50b6) Importer(815301076,1909f56bfc062723c751e8b465ee728b)
Start importing Assets/Models/Drone/References/Materials/White.mat using Guid(91d21386d1235164cb09fa2332de50b6) Importer(815301076,1909f56bfc062723c751e8b465ee728b)  -> (artifact id: 'a6ed598f0aa10d36cdf46eeb0da3f144') in 0.113033 seconds 
========================================================================
Received Import Request.
  Time since last request: 0.000065 seconds.
  path: Assets/Models/Track/Materials/SpaceshipHull.mat
  artifactKey: Guid(35e2b94eb1006514abf8ae501b17f4d1) Importer(815301076,1909f56bfc062723c751e8b465ee728b)
Start importing Assets/Models/Track/Materials/SpaceshipHull.mat using Guid(35e2b94eb1006514abf8ae501b17f4d1) Importer(815301076,1909f56bfc062723c751e8b465ee728b)  -> (artifact id: 'eba20ad2ca3d241c76bc707532e084b4') in 0.177998 seconds 
========================================================================
Received Import Request.
  Time since last request: 0.000055 seconds.
  path: Assets/Models/Drone/drone.fbx
  artifactKey: Guid(77ec979c4a1053f4fb90fee3d17b240c) Importer(815301076,1909f56bfc062723c751e8b465ee728b)
Start importing Assets/Models/Drone/drone.fbx using Guid(77ec979c4a1053f4fb90fee3d17b240c) Importer(815301076,1909f56bfc062723c751e8b465ee728b)  -> (artifact id: '6e8782875d5944492aafc7d6fc65dc87') in 0.873319 seconds 
========================================================================
Received Import Request.
  Time since last request: 0.000044 seconds.
  path: Assets/Effects/Smoke/Materials/SmokeLight.mat
  artifactKey: Guid(f06455b167e1b0b428c9af62d7aa6832) Importer(815301076,1909f56bfc062723c751e8b465ee728b)
Start importing Assets/Effects/Smoke/Materials/SmokeLight.mat using Guid(f06455b167e1b0b428c9af62d7aa6832) Importer(815301076,1909f56bfc062723c751e8b465ee728b)  -> (artifact id: '0f7144e2939ccc854830a673c8531977') in 5.575742 seconds 
========================================================================
Received Import Request.
  Time since last request: 0.000079 seconds.
  path: Assets/Effects/Smoke/Materials/Flame01.mat
  artifactKey: Guid(e43d70c08c6bf7e4aa274e46393928b3) Importer(815301076,1909f56bfc062723c751e8b465ee728b)
Start importing Assets/Effects/Smoke/Materials/Flame01.mat using Guid(e43d70c08c6bf7e4aa274e46393928b3) Importer(815301076,1909f56bfc062723c751e8b465ee728b)  -> (artifact id: 'f05da1eef2547bba3a31e209f4965a50') in 1.903969 seconds 
========================================================================
Received Import Request.
  Time since last request: 0.000060 seconds.
  path: Assets/Effects/Explosion/Materials/ExplosionDistortion.mat
  artifactKey: Guid(fafa06e8ef8c7fb4eac7a74c65cf3a06) Importer(815301076,1909f56bfc062723c751e8b465ee728b)
Start importing Assets/Effects/Explosion/Materials/ExplosionDistortion.mat using Guid(fafa06e8ef8c7fb4eac7a74c65cf3a06) Importer(815301076,1909f56bfc062723c751e8b465ee728b)  -> (artifact id: '067b96504223ace12aae02d6b864f70c') in 1.319467 seconds 
========================================================================
Received Import Request.
  Time since last request: 0.000077 seconds.
  path: Assets/Models/Track/Materials/NavyDarkGrid.mat
  artifactKey: Guid(01c04496878436140922b19f5220712b) Importer(815301076,1909f56bfc062723c751e8b465ee728b)
Start importing Assets/Models/Track/Materials/NavyDarkGrid.mat using Guid(01c04496878436140922b19f5220712b) Importer(815301076,1909f56bfc062723c751e8b465ee728b)  -> (artifact id: '80a7cb0ab9912471cd2e6e78de3fbd16') in 0.502496 seconds 
========================================================================
Received Import Request.
  Time since last request: 0.000071 seconds.
  path: Assets/Models/Track/Materials/NavyGrid.mat
  artifactKey: Guid(297e3a11e7d07fc48b4f71056b4f927f) Importer(815301076,1909f56bfc062723c751e8b465ee728b)
Start importing Assets/Models/Track/Materials/NavyGrid.mat using Guid(297e3a11e7d07fc48b4f71056b4f927f) Importer(815301076,1909f56bfc062723c751e8b465ee728b)  -> (artifact id: '5d30a458e841c6851a3bda64edd827b6') in 0.241397 seconds 
========================================================================
Received Import Request.
  Time since last request: 0.004671 seconds.
  path: Assets/Models/Tank/Materials/ParticleSmokeWhite.mat
  artifactKey: Guid(c617e7cbee0d2344a9b5e53116c43a2c) Importer(815301076,1909f56bfc062723c751e8b465ee728b)
Start importing Assets/Models/Tank/Materials/ParticleSmokeWhite.mat using Guid(c617e7cbee0d2344a9b5e53116c43a2c) Importer(815301076,1909f56bfc062723c751e8b465ee728b)  -> (artifact id: '698d573d569000144adf377d4f9d14b4') in 0.404920 seconds 
========================================================================
Received Import Request.
  Time since last request: 0.035256 seconds.
  path: Assets/Models/Track/Materials/NavySmooth.mat
  artifactKey: Guid(bccdb449802ea144b8709da9bac60356) Importer(815301076,1909f56bfc062723c751e8b465ee728b)
Start importing Assets/Models/Track/Materials/NavySmooth.mat using Guid(bccdb449802ea144b8709da9bac60356) Importer(815301076,1909f56bfc062723c751e8b465ee728b)  -> (artifact id: '821272f1064c73b52d9e27c50de33be7') in 0.319792 seconds 
========================================================================
Received Import Request.
  Time since last request: 0.025699 seconds.
  path: Assets/TextMesh Pro/Resources/Fonts & Materials/LiberationSans SDF - Fallback.asset
  artifactKey: Guid(2e498d1c8094910479dc3e1b768306a4) Importer(815301076,1909f56bfc062723c751e8b465ee728b)
Start importing Assets/TextMesh Pro/Resources/Fonts & Materials/LiberationSans SDF - Fallback.asset using Guid(2e498d1c8094910479dc3e1b768306a4) Importer(815301076,1909f56bfc062723c751e8b465ee728b)  -> (artifact id: 'd83a395d2eef8ab937557154f1916bfc') in 0.260004 seconds 
========================================================================
Received Import Request.
  Time since last request: 0.000066 seconds.
  path: Assets/Skybox/CoriolisNight4k.mat
  artifactKey: Guid(d4454f71d85928744be7771e2143dab7) Importer(815301076,1909f56bfc062723c751e8b465ee728b)
Start importing Assets/Skybox/CoriolisNight4k.mat using Guid(d4454f71d85928744be7771e2143dab7) Importer(815301076,1909f56bfc062723c751e8b465ee728b)  -> (artifact id: 'e01192773738ce91e9b76f23f3082008') in 4.350443 seconds 
========================================================================
Received Import Request.
  Time since last request: 0.000160 seconds.
  path: Assets/Effects/Explosion/Materials/SmokeDark.mat
  artifactKey: Guid(698a8134f4ebbbd4e848648685f68067) Importer(815301076,1909f56bfc062723c751e8b465ee728b)
Start importing Assets/Effects/Explosion/Materials/SmokeDark.mat using Guid(698a8134f4ebbbd4e848648685f68067) Importer(815301076,1909f56bfc062723c751e8b465ee728b)  -> (artifact id: '097e3d153f40dcb28ee805db16e77e67') in 21.607820 seconds 
========================================================================
Received Import Request.
  Time since last request: 0.000072 seconds.
  path: Assets/Models/Tank/Materials/TrackerMaterial.mat
  artifactKey: Guid(a06ebd461e4ff2041a931103920d964d) Importer(815301076,1909f56bfc062723c751e8b465ee728b)
Start importing Assets/Models/Tank/Materials/TrackerMaterial.mat using Guid(a06ebd461e4ff2041a931103920d964d) Importer(815301076,1909f56bfc062723c751e8b465ee728b)  -> (artifact id: '8452b0d6265e573734a822d67838bde1') in 1.326288 seconds 
========================================================================
Received Import Request.
  Time since last request: 14.354863 seconds.
  path: Assets/Prefabs/Bullet.prefab
  artifactKey: Guid(b25013312cabcc5458a6f42e568d0f39) Importer(815301076,1909f56bfc062723c751e8b465ee728b)
Start importing Assets/Prefabs/Bullet.prefab using Guid(b25013312cabcc5458a6f42e568d0f39) Importer(815301076,1909f56bfc062723c751e8b465ee728b)  -> (artifact id: '21947a30aa502074be0608d1711d8862') in 0.542859 seconds 
========================================================================
Received Import Request.
  Time since last request: 348.331837 seconds.
  path: Assets/Prefabs/Bullet.prefab
  artifactKey: Guid(b25013312cabcc5458a6f42e568d0f39) Importer(815301076,1909f56bfc062723c751e8b465ee728b)
Start importing Assets/Prefabs/Bullet.prefab using Guid(b25013312cabcc5458a6f42e568d0f39) Importer(815301076,1909f56bfc062723c751e8b465ee728b)  -> (artifact id: '444f31da9162f6aa75a2fd11f166bf3b') in 0.681564 seconds 
========================================================================
Received Import Request.
  Time since last request: 20.522862 seconds.
  path: Assets/Prefabs/Bullet.prefab
  artifactKey: Guid(b25013312cabcc5458a6f42e568d0f39) Importer(815301076,1909f56bfc062723c751e8b465ee728b)
Start importing Assets/Prefabs/Bullet.prefab using Guid(b25013312cabcc5458a6f42e568d0f39) Importer(815301076,1909f56bfc062723c751e8b465ee728b)  -> (artifact id: '2a04b5f7ce2e48da4d713bdd34162255') in 0.228628 seconds 
========================================================================
Received Import Request.
  Time since last request: 34.948723 seconds.
  path: Assets/Prefabs/Bullet.prefab
  artifactKey: Guid(b25013312cabcc5458a6f42e568d0f39) Importer(815301076,1909f56bfc062723c751e8b465ee728b)
Start importing Assets/Prefabs/Bullet.prefab using Guid(b25013312cabcc5458a6f42e568d0f39) Importer(815301076,1909f56bfc062723c751e8b465ee728b)  -> (artifact id: 'de8def36088d59f20ccfbdf8cef44ca3') in 0.204531 seconds 
========================================================================
Received Import Request.
  Time since last request: 5.516892 seconds.
  path: Assets/Prefabs/Bullet.prefab
  artifactKey: Guid(b25013312cabcc5458a6f42e568d0f39) Importer(815301076,1909f56bfc062723c751e8b465ee728b)
Start importing Assets/Prefabs/Bullet.prefab using Guid(b25013312cabcc5458a6f42e568d0f39) Importer(815301076,1909f56bfc062723c751e8b465ee728b)  -> (artifact id: 'b1dcc23b12a18688b5d6ec7b690c3cd8') in 0.284334 seconds 
========================================================================
Received Import Request.
  Time since last request: 5.460511 seconds.
  path: Assets/Prefabs/Bullet.prefab
  artifactKey: Guid(b25013312cabcc5458a6f42e568d0f39) Importer(815301076,1909f56bfc062723c751e8b465ee728b)
Start importing Assets/Prefabs/Bullet.prefab using Guid(b25013312cabcc5458a6f42e568d0f39) Importer(815301076,1909f56bfc062723c751e8b465ee728b)  -> (artifact id: '09bf6607f740ae82e4d31331941400d6') in 0.124599 seconds 
========================================================================
Received Import Request.
  Time since last request: 5.474592 seconds.
  path: Assets/Prefabs/Bullet.prefab
  artifactKey: Guid(b25013312cabcc5458a6f42e568d0f39) Importer(815301076,1909f56bfc062723c751e8b465ee728b)
Start importing Assets/Prefabs/Bullet.prefab using Guid(b25013312cabcc5458a6f42e568d0f39) Importer(815301076,1909f56bfc062723c751e8b465ee728b)  -> (artifact id: '76b6999844c6d17372c5598a6a3c407a') in 0.199839 seconds 
========================================================================
Received Import Request.
  Time since last request: 2.513758 seconds.
  path: Assets/Prefabs/Bullet.prefab
  artifactKey: Guid(b25013312cabcc5458a6f42e568d0f39) Importer(815301076,1909f56bfc062723c751e8b465ee728b)
Start importing Assets/Prefabs/Bullet.prefab using Guid(b25013312cabcc5458a6f42e568d0f39) Importer(815301076,1909f56bfc062723c751e8b465ee728b)  -> (artifact id: '0c26eb6b66fb329fecd0e27c061d8f6b') in 0.194887 seconds 
========================================================================
Received Import Request.
  Time since last request: 114.269234 seconds.
  path: Assets/Prefabs/Bullet.prefab
  artifactKey: Guid(b25013312cabcc5458a6f42e568d0f39) Importer(815301076,1909f56bfc062723c751e8b465ee728b)
Start importing Assets/Prefabs/Bullet.prefab using Guid(b25013312cabcc5458a6f42e568d0f39) Importer(815301076,1909f56bfc062723c751e8b465ee728b)  -> (artifact id: '5380f5740b328139082d4e6527d9c75a') in 0.531882 seconds 
